<?xml version="1.0" encoding="UTF-8"?>
<!-- Generated by org.testng.reporters.JUnitReportReporter -->
<testsuite skipped="0" hostname="Shiva" name="demo2.projectgit.TestDemo1" tests="1" failures="0" timestamp="2022-01-03T15:18:43 IST" time="0.134" errors="0">
  <testcase name="demoOne" time="0.134" classname="demo2.projectgit.TestDemo1"/>
  <system-out/>
</testsuite> <!-- demo2.projectgit.TestDemo1 -->
