<?xml version="1.0" encoding="UTF-8"?>
<!-- Generated by org.testng.reporters.JUnitReportReporter -->
<testsuite skipped="0" hostname="Shiva" name="demo2.projectgit.TestDemo2" tests="1" failures="0" timestamp="2022-01-03T16:32:40 IST" time="0.000" errors="0">
  <testcase name="demoTwo" time="0.000" classname="demo2.projectgit.TestDemo2"/>
  <system-out/>
</testsuite> <!-- demo2.projectgit.TestDemo2 -->
